<?xml version="1.0" encoding="UTF-8"?>
<!-- Generated by org.testng.reporters.JUnitXMLReporter -->
<testsuite ignored="4" hostname="DESKTOP-9NIH3SE" failures="0" tests="2" name="Test-Runner-1" time="20.177" errors="0" timestamp="2024-07-09T16:14:29 IST">
  <testcase classname="genericUtilities.BaseClass" name="@BeforeMethod beforeMethodConfiguration" time="0.003">
    <failure type="java.lang.NullPointerException" message="Cannot invoke &amp;quot;org.openqa.selenium.SearchContext.findElement(org.openqa.selenium.By)&amp;quot; because &amp;quot;this.searchContext&amp;quot; is null">
      <![CDATA[java.lang.NullPointerException: Cannot invoke "org.openqa.selenium.SearchContext.findElement(org.openqa.selenium.By)" because "this.searchContext" is null
at org.openqa.selenium.support.pagefactory.DefaultElementLocator.findElement(DefaultElementLocator.java:68)
at org.openqa.selenium.support.pagefactory.internal.LocatingElementHandler.invoke(LocatingElementHandler.java:38)
at jdk.proxy2/jdk.proxy2.$Proxy20.sendKeys(Unknown Source)
at objectRepository.LoginPage.LoginToApplication(LoginPage.java:44)
at genericUtilities.BaseClass.beforeMethodConfiguration(BaseClass.java:96)
at java.base/java.util.ArrayList.forEach(ArrayList.java:1596)
at java.base/java.util.concurrent.FutureTask.run(FutureTask.java:317)
at java.base/java.util.concurrent.ThreadPoolExecutor.runWorker(ThreadPoolExecutor.java:1144)
at java.base/java.util.concurrent.ThreadPoolExecutor$Worker.run(ThreadPoolExecutor.java:642)
at java.base/java.lang.Thread.run(Thread.java:1583)
... Removed 19 stack frames]]>
    </failure>
  </testcase> <!-- @BeforeMethod beforeMethodConfiguration -->
  <testcase classname="genericUtilities.BaseClass" name="@AfterMethod afterMethodConfiguration" time="0.001">
    <failure type="java.lang.IllegalArgumentException" message="Driver must be set">
      <![CDATA[java.lang.IllegalArgumentException: Driver must be set
at org.openqa.selenium.internal.Require.nonNull(Require.java:61)
at org.openqa.selenium.interactions.Actions.<init>(Actions.java:59)
at genericUtilities.SeleniumWebDriverUtility.mouseHoverAction(SeleniumWebDriverUtility.java:160)
at objectRepository.HomePage.signOutFromApplication(HomePage.java:98)
at genericUtilities.BaseClass.afterMethodConfiguration(BaseClass.java:106)
at java.base/java.util.ArrayList.forEach(ArrayList.java:1596)
at java.base/java.util.concurrent.FutureTask.run(FutureTask.java:317)
at java.base/java.util.concurrent.ThreadPoolExecutor.runWorker(ThreadPoolExecutor.java:1144)
at java.base/java.util.concurrent.ThreadPoolExecutor$Worker.run(ThreadPoolExecutor.java:642)
at java.base/java.lang.Thread.run(Thread.java:1583)
... Removed 20 stack frames]]>
    </failure>
  </testcase> <!-- @AfterMethod afterMethodConfiguration -->
  <testcase classname="contactsTests.CreateNewContactsWithMandetoryFields" name="createNewContactsWithMandatoryFieldsOnly" time="10.326"/>
  <testcase classname="contactsTests.CreateNewContactsWithCheckBoxAndBirthday" name="createNewContactWithCheckBoxAndBirthdayOnly" time="0.0">
    <skipped/>
  </testcase> <!-- createNewContactWithCheckBoxAndBirthdayOnly -->
  <testcase classname="genericUtilities.BaseClass" name="@AfterTest afterClassConfiguration" time="0.0">
    <ignored/>
  </testcase> <!-- @AfterTest afterClassConfiguration -->
  <testcase classname="genericUtilities.BaseClass" name="@BeforeTest beforeClassConfiguration" time="0.0">
    <ignored/>
  </testcase> <!-- @BeforeTest beforeClassConfiguration -->
  <testcase classname="genericUtilities.BaseClass" name="@AfterSuite afterSuiteConfiguration" time="0.0">
    <ignored/>
  </testcase> <!-- @AfterSuite afterSuiteConfiguration -->
  <testcase classname="genericUtilities.BaseClass" name="@BeforeSuite beforeSuiteConfiguration" time="0.0">
    <ignored/>
  </testcase> <!-- @BeforeSuite beforeSuiteConfiguration -->
</testsuite> <!-- Test-Runner-1 -->
